<?xml version="1.0" encoding="utf-8"?><testsuites name="pytest tests"><testsuite name="pytest" errors="0" failures="0" skipped="0" tests="43" time="22.042" timestamp="2026-09-05T02:49:37.943938+00:00" hostname="localhost"><testcase classname="tests.test_data_and_benchmark" name="test_csv_ingestion_hash_and_evidence" time="0.008" /><testcase classname="tests.test_data_and_benchmark" name="test_csv_rejects_missing_fields" time="0.002" /><testcase classname="tests.test_data_and_benchmark" name="test_benchmark_returns_fair_declared_strategies" time="0.380" /><testcase classname="tests.test_math" name="test_normalization_roundtrip" time="0.000" /><testcase classname="tests.test_math" name="test_factorial_design_inside_bounds" time="0.000" /><testcase classname="tests.test_math" name="test_lhs_reproducible" time="0.000" /><testcase classname="tests.test_math" name="test_quadratic_feature_dimension" time="0.000" /><testcase classname="tests.test_math" name="test_information_increases_with_new_geometry" time="0.026" /><testcase classname="tests.test_math" name="test_campaign_incumbent_safe_only" time="0.000" /><testcase classname="tests.test_math" name="test_robustness_probability_valid" time="0.006" /><testcase classname="tests.test_model_readiness_drift" name="test_model_lab_has_interpretable_baseline_and_ml" time="5.086" /><testcase classname="tests.test_model_readiness_drift" name="test_readiness_refuses_missing_fields" time="0.001" /><testcase classname="tests.test_model_readiness_drift" name="test_readiness_accepts_complete_frame" time="4.708" /><testcase classname="tests.test_model_readiness_drift" name="test_drift_returns_named_signals" time="4.516" /><testcase classname="tests.test_or_engine" name="test_robust_optimizer_returns_governed_recipe" time="0.920" /><testcase classname="tests.test_or_engine" name="test_budget_milp_matches_bruteforce_small_case" time="0.003" /><testcase classname="tests.test_or_engine" name="test_pareto_frontier_is_safe" time="0.004" /><testcase classname="tests.test_phaseD2_workflow" name="test_repository_releases_windows_file_handle" time="0.003" /><testcase classname="tests.test_phaseD2_workflow" name="test_interactive_campaign_workflow" time="0.271" /><testcase classname="tests.test_phaseD2_workflow" name="test_design_generation_is_governed" time="0.003" /><testcase classname="tests.test_phaseD_platform" name="test_design_studio_catalog_and_bounds" time="0.002" /><testcase classname="tests.test_phaseD_platform" name="test_design_information_is_finite" time="0.001" /><testcase classname="tests.test_phaseD_platform" name="test_campaign_repository_persists_and_hashes" time="0.002" /><testcase classname="tests.test_phaseD_platform" name="test_scenario_lab_reproducible_and_probability_valid" time="0.063" /><testcase classname="tests.test_phaseD_platform" name="test_qualification_gate_never_machine_writes" time="0.000" /><testcase classname="tests.test_phaseD_platform" name="test_data_gateway_refuses_missing_fields" time="0.002" /><testcase classname="tests.test_phaseb_math" name="test_conformal_calibration_is_positive_and_reproducible" time="0.165" /><testcase classname="tests.test_phaseb_math" name="test_continuous_acquisition_stays_inside_trust_region_and_shadow_only" time="0.346" /><testcase classname="tests.test_phasee_foundation" name="test_dataset_evidence_hash_and_missing" time="0.004" /><testcase classname="tests.test_phasee_foundation" name="test_multiresponse_weighted_and_pareto" time="0.000" /><testcase classname="tests.test_phasee_foundation" name="test_registry_and_report_are_reproducible" time="0.001" /><testcase classname="tests.test_portfolio_validation" name="test_portfolio_certificate_is_governed_and_reproducible_on_scientific_payload" time="3.649" /><testcase classname="tests.test_process_science" name="test_rsm_recovers_quadratic_signal" time="0.002" /><testcase classname="tests.test_process_science" name="test_capability_reference_case" time="0.000" /><testcase classname="tests.test_process_science" name="test_spc_and_sensitivity_are_finite" time="0.000" /><testcase classname="tests.test_process_science" name="test_lack_of_fit_available_with_replicates" time="0.001" /><testcase classname="tests.test_release_assurance_workflow" name="test_workflow_release_assurance_emits_verified_human_gated_certificate" time="0.280" /><testcase classname="tests.test_release_governance" name="test_release_certificate_requires_human_review_and_blocks_machine_write" time="0.000" /><testcase classname="tests.test_release_governance" name="test_release_certificate_tamper_detection_and_hold_state" time="0.000" /><testcase classname="tests.test_surrogate_controller" name="test_gp_fits_and_predicts_uncertainty" time="0.068" /><testcase classname="tests.test_surrogate_controller" name="test_next_experiment_is_shadow_and_in_trust_region" time="0.149" /><testcase classname="tests.test_surrogate_controller" name="test_unsafe_observation_shrinks_trust_region" time="0.163" /><testcase classname="tests.test_surrogate_controller" name="test_closed_loop_adds_budget_trials" time="0.484" /></testsuite></testsuites>